<?xml version="1.0" encoding="UTF-8"?>
<coverage generated="1672834312605" clover="3.2.0">
  <project timestamp="1672834312605" name="All files">
    <metrics statements="40" coveredstatements="23" conditionals="10" coveredconditionals="1" methods="10" coveredmethods="7" elements="60" coveredelements="31" complexity="0" loc="40" ncloc="40" packages="1" files="2" classes="2"/>
    <file name="utils.ts" path="C:\Users\38095\Desktop\RSTest\stage1\OnlineStore\OnlineStore\src\helpers\utils.ts">
      <metrics statements="15" coveredstatements="12" conditionals="1" coveredconditionals="1" methods="5" coveredmethods="4"/>
      <line num="4" count="1" type="stmt"/>
      <line num="5" count="4" type="stmt"/>
      <line num="6" count="4" type="stmt"/>
      <line num="7" count="4" type="stmt"/>
      <line num="14" count="1" type="stmt"/>
      <line num="15" count="4" type="stmt"/>
      <line num="18" count="1" type="stmt"/>
      <line num="19" count="2" type="stmt"/>
      <line num="20" count="2" type="cond" truecount="1" falsecount="0"/>
      <line num="21" count="2" type="stmt"/>
      <line num="23" count="2" type="stmt"/>
      <line num="27" count="1" type="stmt"/>
      <line num="28" count="0" type="stmt"/>
      <line num="29" count="0" type="stmt"/>
      <line num="30" count="0" type="stmt"/>
    </file>
    <file name="validation.ts" path="C:\Users\38095\Desktop\RSTest\stage1\OnlineStore\OnlineStore\src\helpers\validation.ts">
      <metrics statements="25" coveredstatements="11" conditionals="9" coveredconditionals="0" methods="5" coveredmethods="3"/>
      <line num="2" count="1" type="stmt"/>
      <line num="3" count="4" type="stmt"/>
      <line num="4" count="4" type="stmt"/>
      <line num="6" count="1" type="stmt"/>
      <line num="7" count="4" type="stmt"/>
      <line num="8" count="4" type="stmt"/>
      <line num="10" count="1" type="stmt"/>
      <line num="11" count="4" type="stmt"/>
      <line num="12" count="4" type="stmt"/>
      <line num="14" count="1" type="stmt"/>
      <line num="15" count="0" type="stmt"/>
      <line num="16" count="0" type="cond" truecount="0" falsecount="2"/>
      <line num="17" count="0" type="stmt"/>
      <line num="18" count="0" type="cond" truecount="0" falsecount="2"/>
      <line num="19" count="0" type="stmt"/>
      <line num="20" count="0" type="cond" truecount="0" falsecount="1"/>
      <line num="21" count="0" type="stmt"/>
      <line num="23" count="0" type="stmt"/>
      <line num="25" count="1" type="stmt"/>
      <line num="26" count="0" type="cond" truecount="0" falsecount="3"/>
      <line num="27" count="0" type="stmt"/>
      <line num="29" count="0" type="stmt"/>
      <line num="30" count="0" type="cond" truecount="0" falsecount="1"/>
      <line num="31" count="0" type="stmt"/>
      <line num="33" count="0" type="stmt"/>
    </file>
  </project>
</coverage>
