<?xml version="1.0" encoding="UTF-8"?>
<coverage generated="1672763936522" clover="3.2.0">
  <project timestamp="1672763936523" name="All files">
    <metrics statements="15" coveredstatements="15" conditionals="1" coveredconditionals="1" methods="5" coveredmethods="5" elements="21" coveredelements="21" complexity="0" loc="15" ncloc="15" packages="1" files="1" classes="1"/>
    <file name="utils.ts" path="C:\Users\38095\Desktop\RSTest\stage1\OnlineStore\OnlineStore\src\helpers\utils.ts">
      <metrics statements="15" coveredstatements="15" conditionals="1" coveredconditionals="1" methods="5" coveredmethods="5"/>
      <line num="4" count="1" type="stmt"/>
      <line num="5" count="4" type="stmt"/>
      <line num="6" count="4" type="stmt"/>
      <line num="7" count="4" type="stmt"/>
      <line num="14" count="1" type="stmt"/>
      <line num="15" count="4" type="stmt"/>
      <line num="18" count="1" type="stmt"/>
      <line num="19" count="3" type="stmt"/>
      <line num="20" count="3" type="cond" truecount="1" falsecount="0"/>
      <line num="21" count="3" type="stmt"/>
      <line num="23" count="3" type="stmt"/>
      <line num="27" count="1" type="stmt"/>
      <line num="28" count="1" type="stmt"/>
      <line num="29" count="1" type="stmt"/>
      <line num="30" count="1" type="stmt"/>
    </file>
  </project>
</coverage>
