{"C:\\Users\\38095\\Desktop\\RSTest\\stage1\\OnlineStore\\OnlineStore\\src\\helpers\\utils.ts": {"path":"C:\\Users\\38095\\Desktop\\RSTest\\stage1\\OnlineStore\\OnlineStore\\src\\helpers\\utils.ts","statementMap":{"0":{"start":{"line":4,"column":52},"end":{"line":12,"column":1}},"1":{"start":{"line":5,"column":23},"end":{"line":5,"column":63}},"2":{"start":{"line":6,"column":29},"end":{"line":6,"column":43}},"3":{"start":{"line":7,"column":4},"end":{"line":11,"column":null}},"4":{"start":{"line":4,"column":13},"end":{"line":4,"column":52}},"5":{"start":{"line":14,"column":50},"end":{"line":16,"column":1}},"6":{"start":{"line":15,"column":4},"end":{"line":15,"column":55}},"7":{"start":{"line":14,"column":13},"end":{"line":14,"column":50}},"8":{"start":{"line":18,"column":54},"end":{"line":25,"column":1}},"9":{"start":{"line":19,"column":4},"end":{"line":24,"column":null}},"10":{"start":{"line":20,"column":8},"end":{"line":22,"column":null}},"11":{"start":{"line":21,"column":12},"end":{"line":21,"column":42}},"12":{"start":{"line":23,"column":8},"end":{"line":23,"column":null}},"13":{"start":{"line":18,"column":13},"end":{"line":18,"column":54}},"14":{"start":{"line":27,"column":45},"end":{"line":31,"column":1}},"15":{"start":{"line":28,"column":22},"end":{"line":28,"column":46}},"16":{"start":{"line":29,"column":4},"end":{"line":29,"column":38}},"17":{"start":{"line":30,"column":4},"end":{"line":30,"column":50}},"18":{"start":{"line":27,"column":13},"end":{"line":27,"column":45}}},"fnMap":{"0":{"name":"(anonymous_0)","decl":{"start":{"line":4,"column":52},"end":{"line":4,"column":55}},"loc":{"start":{"line":4,"column":57},"end":{"line":12,"column":1}}},"1":{"name":"(anonymous_1)","decl":{"start":{"line":14,"column":50},"end":{"line":14,"column":53}},"loc":{"start":{"line":14,"column":55},"end":{"line":16,"column":1}}},"2":{"name":"(anonymous_2)","decl":{"start":{"line":18,"column":54},"end":{"line":18,"column":55}},"loc":{"start":{"line":18,"column":65},"end":{"line":25,"column":1}}},"3":{"name":"(anonymous_3)","decl":{"start":{"line":19,"column":38},"end":{"line":19,"column":39}},"loc":{"start":{"line":19,"column":53},"end":{"line":24,"column":5}}},"4":{"name":"(anonymous_4)","decl":{"start":{"line":27,"column":45},"end":{"line":27,"column":46}},"loc":{"start":{"line":27,"column":56},"end":{"line":31,"column":1}}}},"branchMap":{"0":{"loc":{"start":{"line":20,"column":8},"end":{"line":22,"column":null}},"type":"if","locations":[{"start":{"line":20,"column":8},"end":{"line":22,"column":null}}]}},"s":{"0":1,"1":4,"2":4,"3":4,"4":1,"5":1,"6":4,"7":1,"8":1,"9":3,"10":3,"11":3,"12":3,"13":1,"14":1,"15":1,"16":1,"17":1,"18":1},"f":{"0":4,"1":4,"2":3,"3":3,"4":1},"b":{"0":[3]}}
}
