{"C:\\Users\\38095\\Desktop\\RSTest\\stage1\\OnlineStore\\OnlineStore\\src\\helpers\\utils.ts": {"path":"C:\\Users\\38095\\Desktop\\RSTest\\stage1\\OnlineStore\\OnlineStore\\src\\helpers\\utils.ts","statementMap":{"0":{"start":{"line":4,"column":52},"end":{"line":12,"column":1}},"1":{"start":{"line":5,"column":23},"end":{"line":5,"column":63}},"2":{"start":{"line":6,"column":30},"end":{"line":6,"column":44}},"3":{"start":{"line":7,"column":4},"end":{"line":11,"column":null}},"4":{"start":{"line":4,"column":13},"end":{"line":4,"column":52}},"5":{"start":{"line":14,"column":50},"end":{"line":16,"column":1}},"6":{"start":{"line":15,"column":4},"end":{"line":15,"column":55}},"7":{"start":{"line":14,"column":13},"end":{"line":14,"column":50}},"8":{"start":{"line":18,"column":54},"end":{"line":25,"column":1}},"9":{"start":{"line":19,"column":4},"end":{"line":24,"column":null}},"10":{"start":{"line":20,"column":8},"end":{"line":22,"column":null}},"11":{"start":{"line":21,"column":12},"end":{"line":21,"column":42}},"12":{"start":{"line":23,"column":8},"end":{"line":23,"column":null}},"13":{"start":{"line":18,"column":13},"end":{"line":18,"column":54}},"14":{"start":{"line":27,"column":45},"end":{"line":31,"column":1}},"15":{"start":{"line":28,"column":22},"end":{"line":28,"column":46}},"16":{"start":{"line":29,"column":4},"end":{"line":29,"column":38}},"17":{"start":{"line":30,"column":4},"end":{"line":30,"column":50}},"18":{"start":{"line":27,"column":13},"end":{"line":27,"column":45}}},"fnMap":{"0":{"name":"(anonymous_0)","decl":{"start":{"line":4,"column":52},"end":{"line":4,"column":55}},"loc":{"start":{"line":4,"column":57},"end":{"line":12,"column":1}}},"1":{"name":"(anonymous_1)","decl":{"start":{"line":14,"column":50},"end":{"line":14,"column":53}},"loc":{"start":{"line":14,"column":55},"end":{"line":16,"column":1}}},"2":{"name":"(anonymous_2)","decl":{"start":{"line":18,"column":54},"end":{"line":18,"column":55}},"loc":{"start":{"line":18,"column":65},"end":{"line":25,"column":1}}},"3":{"name":"(anonymous_3)","decl":{"start":{"line":19,"column":38},"end":{"line":19,"column":39}},"loc":{"start":{"line":19,"column":53},"end":{"line":24,"column":5}}},"4":{"name":"(anonymous_4)","decl":{"start":{"line":27,"column":45},"end":{"line":27,"column":46}},"loc":{"start":{"line":27,"column":56},"end":{"line":31,"column":1}}}},"branchMap":{"0":{"loc":{"start":{"line":20,"column":8},"end":{"line":22,"column":null}},"type":"if","locations":[{"start":{"line":20,"column":8},"end":{"line":22,"column":null}}]}},"s":{"0":1,"1":4,"2":4,"3":4,"4":1,"5":1,"6":4,"7":1,"8":1,"9":2,"10":2,"11":2,"12":2,"13":1,"14":1,"15":0,"16":0,"17":0,"18":1},"f":{"0":4,"1":4,"2":2,"3":2,"4":0},"b":{"0":[2]}}
,"C:\\Users\\38095\\Desktop\\RSTest\\stage1\\OnlineStore\\OnlineStore\\src\\helpers\\validation.ts": {"path":"C:\\Users\\38095\\Desktop\\RSTest\\stage1\\OnlineStore\\OnlineStore\\src\\helpers\\validation.ts","statementMap":{"0":{"start":{"line":2,"column":24},"end":{"line":5,"column":1}},"1":{"start":{"line":3,"column":19},"end":{"line":3,"column":54}},"2":{"start":{"line":4,"column":4},"end":{"line":4,"column":28}},"3":{"start":{"line":2,"column":13},"end":{"line":2,"column":24}},"4":{"start":{"line":6,"column":26},"end":{"line":9,"column":1}},"5":{"start":{"line":7,"column":19},"end":{"line":7,"column":54}},"6":{"start":{"line":8,"column":4},"end":{"line":8,"column":28}},"7":{"start":{"line":6,"column":13},"end":{"line":6,"column":26}},"8":{"start":{"line":10,"column":24},"end":{"line":13,"column":1}},"9":{"start":{"line":11,"column":19},"end":{"line":11,"column":54}},"10":{"start":{"line":12,"column":4},"end":{"line":12,"column":28}},"11":{"start":{"line":10,"column":13},"end":{"line":10,"column":24}},"12":{"start":{"line":14,"column":33},"end":{"line":24,"column":1}},"13":{"start":{"line":15,"column":19},"end":{"line":15,"column":23}},"14":{"start":{"line":16,"column":4},"end":{"line":22,"column":null}},"15":{"start":{"line":17,"column":8},"end":{"line":17,"column":26}},"16":{"start":{"line":18,"column":11},"end":{"line":22,"column":null}},"17":{"start":{"line":19,"column":8},"end":{"line":19,"column":28}},"18":{"start":{"line":20,"column":11},"end":{"line":22,"column":null}},"19":{"start":{"line":21,"column":8},"end":{"line":21,"column":37}},"20":{"start":{"line":23,"column":4},"end":{"line":23,"column":20}},"21":{"start":{"line":14,"column":13},"end":{"line":14,"column":33}},"22":{"start":{"line":25,"column":29},"end":{"line":34,"column":1}},"23":{"start":{"line":26,"column":4},"end":{"line":28,"column":null}},"24":{"start":{"line":27,"column":8},"end":{"line":27,"column":21}},"25":{"start":{"line":29,"column":17},"end":{"line":29,"column":42}},"26":{"start":{"line":30,"column":4},"end":{"line":32,"column":null}},"27":{"start":{"line":31,"column":8},"end":{"line":31,"column":21}},"28":{"start":{"line":33,"column":4},"end":{"line":33,"column":54}},"29":{"start":{"line":25,"column":13},"end":{"line":25,"column":29}},"30":{"start":{"line":35,"column":33},"end":{"line":40,"column":1}},"31":{"start":{"line":36,"column":12},"end":{"line":37,"column":54}},"32":{"start":{"line":38,"column":4},"end":{"line":38,"column":null}},"33":{"start":{"line":38,"column":12},"end":{"line":38,"column":null}},"34":{"start":{"line":39,"column":4},"end":{"line":39,"column":null}},"35":{"start":{"line":35,"column":13},"end":{"line":35,"column":33}},"36":{"start":{"line":41,"column":26},"end":{"line":45,"column":1}},"37":{"start":{"line":42,"column":12},"end":{"line":42,"column":66}},"38":{"start":{"line":43,"column":4},"end":{"line":43,"column":null}},"39":{"start":{"line":43,"column":12},"end":{"line":43,"column":null}},"40":{"start":{"line":44,"column":4},"end":{"line":44,"column":null}},"41":{"start":{"line":41,"column":13},"end":{"line":41,"column":26}}},"fnMap":{"0":{"name":"(anonymous_0)","decl":{"start":{"line":2,"column":24},"end":{"line":2,"column":25}},"loc":{"start":{"line":2,"column":49},"end":{"line":5,"column":1}}},"1":{"name":"(anonymous_1)","decl":{"start":{"line":6,"column":26},"end":{"line":6,"column":27}},"loc":{"start":{"line":6,"column":51},"end":{"line":9,"column":1}}},"2":{"name":"(anonymous_2)","decl":{"start":{"line":10,"column":24},"end":{"line":10,"column":25}},"loc":{"start":{"line":10,"column":49},"end":{"line":13,"column":1}}},"3":{"name":"(anonymous_3)","decl":{"start":{"line":14,"column":33},"end":{"line":14,"column":34}},"loc":{"start":{"line":14,"column":71},"end":{"line":24,"column":1}}},"4":{"name":"(anonymous_4)","decl":{"start":{"line":25,"column":29},"end":{"line":25,"column":30}},"loc":{"start":{"line":25,"column":61},"end":{"line":34,"column":1}}},"5":{"name":"(anonymous_5)","decl":{"start":{"line":35,"column":33},"end":{"line":35,"column":34}},"loc":{"start":{"line":35,"column":59},"end":{"line":40,"column":1}}},"6":{"name":"(anonymous_6)","decl":{"start":{"line":41,"column":26},"end":{"line":41,"column":27}},"loc":{"start":{"line":41,"column":51},"end":{"line":45,"column":1}}}},"branchMap":{"0":{"loc":{"start":{"line":16,"column":4},"end":{"line":22,"column":null}},"type":"if","locations":[{"start":{"line":16,"column":4},"end":{"line":22,"column":null}},{"start":{"line":18,"column":11},"end":{"line":22,"column":null}}]},"1":{"loc":{"start":{"line":18,"column":11},"end":{"line":22,"column":null}},"type":"if","locations":[{"start":{"line":18,"column":11},"end":{"line":22,"column":null}},{"start":{"line":20,"column":11},"end":{"line":22,"column":null}}]},"2":{"loc":{"start":{"line":20,"column":11},"end":{"line":22,"column":null}},"type":"if","locations":[{"start":{"line":20,"column":11},"end":{"line":22,"column":null}}]},"3":{"loc":{"start":{"line":26,"column":4},"end":{"line":28,"column":null}},"type":"if","locations":[{"start":{"line":26,"column":4},"end":{"line":28,"column":null}}]},"4":{"loc":{"start":{"line":26,"column":8},"end":{"line":26,"column":52}},"type":"binary-expr","locations":[{"start":{"line":26,"column":8},"end":{"line":26,"column":25}},{"start":{"line":26,"column":29},"end":{"line":26,"column":52}}]},"5":{"loc":{"start":{"line":30,"column":4},"end":{"line":32,"column":null}},"type":"if","locations":[{"start":{"line":30,"column":4},"end":{"line":32,"column":null}}]},"6":{"loc":{"start":{"line":38,"column":4},"end":{"line":38,"column":null}},"type":"if","locations":[{"start":{"line":38,"column":4},"end":{"line":38,"column":null}}]},"7":{"loc":{"start":{"line":39,"column":44},"end":{"line":39,"column":69}},"type":"cond-expr","locations":[{"start":{"line":39,"column":52},"end":{"line":39,"column":54}},{"start":{"line":39,"column":57},"end":{"line":39,"column":69}}]},"8":{"loc":{"start":{"line":43,"column":4},"end":{"line":43,"column":null}},"type":"if","locations":[{"start":{"line":43,"column":4},"end":{"line":43,"column":null}}]}},"s":{"0":1,"1":8,"2":8,"3":1,"4":1,"5":7,"6":7,"7":1,"8":1,"9":6,"10":6,"11":1,"12":1,"13":4,"14":4,"15":1,"16":3,"17":1,"18":2,"19":1,"20":4,"21":1,"22":1,"23":5,"24":2,"25":3,"26":3,"27":1,"28":2,"29":1,"30":1,"31":3,"32":3,"33":0,"34":3,"35":1,"36":1,"37":3,"38":3,"39":2,"40":1,"41":1},"f":{"0":8,"1":7,"2":6,"3":4,"4":5,"5":3,"6":3},"b":{"0":[1,3],"1":[1,2],"2":[1],"3":[2],"4":[5,4],"5":[1],"6":[0],"7":[2,1],"8":[2]}}
}
