TN:
SF:src\helpers\utils.ts
FN:4,(anonymous_0)
FN:14,(anonymous_1)
FN:18,(anonymous_2)
FN:19,(anonymous_3)
FN:27,(anonymous_4)
FNF:5
FNH:4
FNDA:4,(anonymous_0)
FNDA:4,(anonymous_1)
FNDA:2,(anonymous_2)
FNDA:2,(anonymous_3)
FNDA:0,(anonymous_4)
DA:4,1
DA:5,4
DA:6,4
DA:7,4
DA:14,1
DA:15,4
DA:18,1
DA:19,2
DA:20,2
DA:21,2
DA:23,2
DA:27,1
DA:28,0
DA:29,0
DA:30,0
LF:15
LH:12
BRDA:20,0,0,2
BRF:1
BRH:1
end_of_record
TN:
SF:src\helpers\validation.ts
FN:2,(anonymous_0)
FN:6,(anonymous_1)
FN:10,(anonymous_2)
FN:14,(anonymous_3)
FN:25,(anonymous_4)
FN:35,(anonymous_5)
FN:41,(anonymous_6)
FNF:7
FNH:7
FNDA:8,(anonymous_0)
FNDA:7,(anonymous_1)
FNDA:6,(anonymous_2)
FNDA:4,(anonymous_3)
FNDA:5,(anonymous_4)
FNDA:3,(anonymous_5)
FNDA:3,(anonymous_6)
DA:2,1
DA:3,8
DA:4,8
DA:6,1
DA:7,7
DA:8,7
DA:10,1
DA:11,6
DA:12,6
DA:14,1
DA:15,4
DA:16,4
DA:17,1
DA:18,3
DA:19,1
DA:20,2
DA:21,1
DA:23,4
DA:25,1
DA:26,5
DA:27,2
DA:29,3
DA:30,3
DA:31,1
DA:33,2
DA:35,1
DA:36,3
DA:38,3
DA:39,3
DA:41,1
DA:42,3
DA:43,3
DA:44,1
LF:33
LH:33
BRDA:16,0,0,1
BRDA:16,0,1,3
BRDA:18,1,0,1
BRDA:18,1,1,2
BRDA:20,2,0,1
BRDA:26,3,0,2
BRDA:26,4,0,5
BRDA:26,4,1,4
BRDA:30,5,0,1
BRDA:38,6,0,0
BRDA:39,7,0,2
BRDA:39,7,1,1
BRDA:43,8,0,2
BRF:13
BRH:12
end_of_record
