TN:
SF:src\helpers\utils.ts
FN:4,(anonymous_0)
FN:14,(anonymous_1)
FN:18,(anonymous_2)
FN:19,(anonymous_3)
FN:27,(anonymous_4)
FNF:5
FNH:4
FNDA:4,(anonymous_0)
FNDA:4,(anonymous_1)
FNDA:2,(anonymous_2)
FNDA:2,(anonymous_3)
FNDA:0,(anonymous_4)
DA:4,1
DA:5,4
DA:6,4
DA:7,4
DA:14,1
DA:15,4
DA:18,1
DA:19,2
DA:20,2
DA:21,2
DA:23,2
DA:27,1
DA:28,0
DA:29,0
DA:30,0
LF:15
LH:12
BRDA:20,0,0,2
BRF:1
BRH:1
end_of_record
TN:
SF:src\helpers\validation.ts
FN:2,(anonymous_0)
FN:6,(anonymous_1)
FN:10,(anonymous_2)
FN:14,(anonymous_3)
FN:25,(anonymous_4)
FNF:5
FNH:3
FNDA:4,(anonymous_0)
FNDA:4,(anonymous_1)
FNDA:4,(anonymous_2)
FNDA:0,(anonymous_3)
FNDA:0,(anonymous_4)
DA:2,1
DA:3,4
DA:4,4
DA:6,1
DA:7,4
DA:8,4
DA:10,1
DA:11,4
DA:12,4
DA:14,1
DA:15,0
DA:16,0
DA:17,0
DA:18,0
DA:19,0
DA:20,0
DA:21,0
DA:23,0
DA:25,1
DA:26,0
DA:27,0
DA:29,0
DA:30,0
DA:31,0
DA:33,0
LF:25
LH:11
BRDA:16,0,0,0
BRDA:16,0,1,0
BRDA:18,1,0,0
BRDA:18,1,1,0
BRDA:20,2,0,0
BRDA:26,3,0,0
BRDA:26,4,0,0
BRDA:26,4,1,0
BRDA:30,5,0,0
BRF:9
BRH:0
end_of_record
